#
# There is insufficient memory for the Java Runtime Environment to continue.
# Native memory allocation (malloc) failed to allocate 805306368 bytes for committing reserved memory.
# Possible reasons:
#   The system is out of physical RAM or swap space
#   In 32 bit mode, the process size limit was hit
# Possible solutions:
#   Reduce memory load on the system
#   Increase physical memory or swap space
#   Check if swap backing store is full
#   Use 64 bit Java on a 64 bit OS
#   Decrease Java heap size (-Xmx/-Xms)
#   Decrease number of Java threads
#   Decrease Java thread stack sizes (-Xss)
#   Set larger code cache with -XX:ReservedCodeCacheSize=
# This output file may be truncated or incomplete.
#
#  Out of Memory Error (os_linux.cpp:2798), pid=5803, tid=140522578675456
#
# JRE version:  (7.0_75-b13) (build )
# Java VM: OpenJDK 64-Bit Server VM (24.75-b04 mixed mode linux-amd64 compressed oops)
# Derivative: IcedTea 2.5.4
# Distribution: Ubuntu 14.04 LTS, package 7u75-2.5.4-1~trusty1
# Failed to write core dump. Core dumps have been disabled. To enable core dumping, try "ulimit -c unlimited" before starting Java again
#

---------------  T H R E A D  ---------------

Current thread (0x00007fcdf000d000):  JavaThread "Unknown thread" [_thread_in_vm, id=5805, stack(0x00007fcdf65e8000,0x00007fcdf6629000)]

Stack: [0x00007fcdf65e8000,0x00007fcdf6629000],  sp=0x00007fcdf66273d0,  free space=252k
Native frames: (J=compiled Java code, j=interpreted, Vv=VM code, C=native code)
V  [libjvm.so+0x94a9d5]  VMError::report_and_die()+0x175
V  [libjvm.so+0x48b954]  report_vm_out_of_memory(char const*, int, unsigned long, char const*)+0x74
V  [libjvm.so+0x7c7b7b]  os::pd_commit_memory(char*, unsigned long, unsigned long, bool)+0xeb
V  [libjvm.so+0x7c263f]  os::commit_memory(char*, unsigned long, unsigned long, bool)+0x1f
V  [libjvm.so+0x9478c4]  VirtualSpace::expand_by(unsigned long, bool)+0x1c4
V  [libjvm.so+0x56241b]  CardGeneration::CardGeneration(ReservedSpace, unsigned long, int, GenRemSet*)+0x11b
V  [libjvm.so+0x45e63d]  ConcurrentMarkSweepGeneration::ConcurrentMarkSweepGeneration(ReservedSpace, unsigned long, int, CardTableRS*, bool, FreeBlockDictionary<FreeChunk>::DictionaryChoice)+0x5d
V  [libjvm.so+0x563019]  GenerationSpec::init(ReservedSpace, int, GenRemSet*)+0x239
V  [libjvm.so+0x555122]  GenCollectedHeap::initialize()+0x312
V  [libjvm.so+0x91b447]  Universe::initialize_heap()+0xc7
V  [libjvm.so+0x91b777]  universe_init()+0x67
V  [libjvm.so+0x59d1d5]  init_globals()+0x55
V  [libjvm.so+0x8fe15f]  Threads::create_vm(JavaVMInitArgs*, bool*)+0x35f
V  [libjvm.so+0x608554]  JNI_CreateJavaVM+0x54
C  [libjli.so+0x2b48]


---------------  P R O C E S S  ---------------

Java Threads: ( => current thread )

Other Threads:

=>0x00007fcdf000d000 (exited) JavaThread "Unknown thread" [_thread_in_vm, id=5805, stack(0x00007fcdf65e8000,0x00007fcdf6629000)]

VM state:not at safepoint (not fully initialized)

VM Mutex/Monitor currently owned by a thread: None

GC Heap History (0 events):
No events

Deoptimization events (0 events):
No events

Internal exceptions (0 events):
No events

Events (0 events):
No events


Dynamic libraries:
00400000-00401000 r-xp 00000000 08:07 287590                             /usr/lib/jvm/java-7-openjdk-amd64/jre/bin/java
00600000-00601000 r--p 00000000 08:07 287590                             /usr/lib/jvm/java-7-openjdk-amd64/jre/bin/java
00601000-00602000 rw-p 00001000 08:07 287590                             /usr/lib/jvm/java-7-openjdk-amd64/jre/bin/java
00c3c000-00c5d000 rw-p 00000000 00:00 0                                  [heap]
b5a00000-c5a00000 rw-p 00000000 00:00 0 
f5a00000-100000000 rw-p 00000000 00:00 0 
7fcddc000000-7fcddc021000 rw-p 00000000 00:00 0 
7fcddc021000-7fcde0000000 ---p 00000000 00:00 0 
7fcde4000000-7fcde4021000 rw-p 00000000 00:00 0 
7fcde4021000-7fcde8000000 ---p 00000000 00:00 0 
7fcdeb2ac000-7fcdeb891000 rw-p 00000000 00:00 0 
7fcdeb891000-7fcdeba64000 rw-p 00000000 00:00 0 
7fcdeba64000-7fcdeba65000 rw-p 00000000 00:00 0 
7fcdeba65000-7fcdeba66000 ---p 00000000 00:00 0 
7fcdeba66000-7fcdebb66000 rw-p 00000000 00:00 0                          [stack:5809]
7fcdebb66000-7fcdebb67000 ---p 00000000 00:00 0 
7fcdebb67000-7fcdebc67000 rw-p 00000000 00:00 0                          [stack:5808]
7fcdebc67000-7fcdebc68000 ---p 00000000 00:00 0 
7fcdebc68000-7fcdebd68000 rw-p 00000000 00:00 0                          [stack:5807]
7fcdebd68000-7fcdebfd8000 rwxp 00000000 00:00 0 
7fcdebfd8000-7fcdeed68000 rw-p 00000000 00:00 0 
7fcdeed68000-7fcdeed70000 r-xp 00000000 08:07 287587                     /usr/lib/jvm/java-7-openjdk-amd64/jre/lib/amd64/libzip.so
7fcdeed70000-7fcdeef6f000 ---p 00008000 08:07 287587                     /usr/lib/jvm/java-7-openjdk-amd64/jre/lib/amd64/libzip.so
7fcdeef6f000-7fcdeef70000 r--p 00007000 08:07 287587                     /usr/lib/jvm/java-7-openjdk-amd64/jre/lib/amd64/libzip.so
7fcdeef70000-7fcdeef71000 rw-p 00008000 08:07 287587                     /usr/lib/jvm/java-7-openjdk-amd64/jre/lib/amd64/libzip.so
7fcdeef71000-7fcdeef7c000 r-xp 00000000 08:07 660688                     /lib/x86_64-linux-gnu/libnss_files-2.19.so
7fcdeef7c000-7fcdef17b000 ---p 0000b000 08:07 660688                     /lib/x86_64-linux-gnu/libnss_files-2.19.so
7fcdef17b000-7fcdef17c000 r--p 0000a000 08:07 660688                     /lib/x86_64-linux-gnu/libnss_files-2.19.so
7fcdef17c000-7fcdef17d000 rw-p 0000b000 08:07 660688                     /lib/x86_64-linux-gnu/libnss_files-2.19.so
7fcdef17d000-7fcdef188000 r-xp 00000000 08:07 674762                     /lib/x86_64-linux-gnu/libnss_nis-2.19.so
7fcdef188000-7fcdef387000 ---p 0000b000 08:07 674762                     /lib/x86_64-linux-gnu/libnss_nis-2.19.so
7fcdef387000-7fcdef388000 r--p 0000a000 08:07 674762                     /lib/x86_64-linux-gnu/libnss_nis-2.19.so
7fcdef388000-7fcdef389000 rw-p 0000b000 08:07 674762                     /lib/x86_64-linux-gnu/libnss_nis-2.19.so
7fcdef389000-7fcdef3a0000 r-xp 00000000 08:07 674696                     /lib/x86_64-linux-gnu/libnsl-2.19.so
7fcdef3a0000-7fcdef59f000 ---p 00017000 08:07 674696                     /lib/x86_64-linux-gnu/libnsl-2.19.so
7fcdef59f000-7fcdef5a0000 r--p 00016000 08:07 674696                     /lib/x86_64-linux-gnu/libnsl-2.19.so
7fcdef5a0000-7fcdef5a1000 rw-p 00017000 08:07 674696                     /lib/x86_64-linux-gnu/libnsl-2.19.so
7fcdef5a1000-7fcdef5a3000 rw-p 00000000 00:00 0 
7fcdef5a3000-7fcdef5ac000 r-xp 00000000 08:07 674695                     /lib/x86_64-linux-gnu/libnss_compat-2.19.so
7fcdef5ac000-7fcdef7ab000 ---p 00009000 08:07 674695                     /lib/x86_64-linux-gnu/libnss_compat-2.19.so
7fcdef7ab000-7fcdef7ac000 r--p 00008000 08:07 674695                     /lib/x86_64-linux-gnu/libnss_compat-2.19.so
7fcdef7ac000-7fcdef7ad000 rw-p 00009000 08:07 674695                     /lib/x86_64-linux-gnu/libnss_compat-2.19.so
7fcdef7ad000-7fcdef7b7000 r-xp 00000000 08:07 287552                     /usr/lib/jvm/java-7-openjdk-amd64/jre/lib/amd64/libinstrument.so
7fcdef7b7000-7fcdef9b6000 ---p 0000a000 08:07 287552                     /usr/lib/jvm/java-7-openjdk-amd64/jre/lib/amd64/libinstrument.so
7fcdef9b6000-7fcdef9b7000 r--p 00009000 08:07 287552                     /usr/lib/jvm/java-7-openjdk-amd64/jre/lib/amd64/libinstrument.so
7fcdef9b7000-7fcdef9b8000 rw-p 0000a000 08:07 287552                     /usr/lib/jvm/java-7-openjdk-amd64/jre/lib/amd64/libinstrument.so
7fcdef9b8000-7fcdef9e3000 r-xp 00000000 08:07 287572                     /usr/lib/jvm/java-7-openjdk-amd64/jre/lib/amd64/libjava.so
7fcdef9e3000-7fcdefbe3000 ---p 0002b000 08:07 287572                     /usr/lib/jvm/java-7-openjdk-amd64/jre/lib/amd64/libjava.so
7fcdefbe3000-7fcdefbe4000 r--p 0002b000 08:07 287572                     /usr/lib/jvm/java-7-openjdk-amd64/jre/lib/amd64/libjava.so
7fcdefbe4000-7fcdefbe6000 rw-p 0002c000 08:07 287572                     /usr/lib/jvm/java-7-openjdk-amd64/jre/lib/amd64/libjava.so
7fcdefbe6000-7fcdefbf6000 r-xp 00000000 08:07 287571                     /usr/lib/jvm/java-7-openjdk-amd64/jre/lib/amd64/libverify.so
7fcdefbf6000-7fcdefdf5000 ---p 00010000 08:07 287571                     /usr/lib/jvm/java-7-openjdk-amd64/jre/lib/amd64/libverify.so
7fcdefdf5000-7fcdefdf7000 r--p 0000f000 08:07 287571                     /usr/lib/jvm/java-7-openjdk-amd64/jre/lib/amd64/libverify.so
7fcdefdf7000-7fcdefdf8000 rw-p 00011000 08:07 287571                     /usr/lib/jvm/java-7-openjdk-amd64/jre/lib/amd64/libverify.so
7fcdefdf8000-7fcdefdff000 r-xp 00000000 08:07 674756                     /lib/x86_64-linux-gnu/librt-2.19.so
7fcdefdff000-7fcdefffe000 ---p 00007000 08:07 674756                     /lib/x86_64-linux-gnu/librt-2.19.so
7fcdefffe000-7fcdeffff000 r--p 00006000 08:07 674756                     /lib/x86_64-linux-gnu/librt-2.19.so
7fcdeffff000-7fcdf0000000 rw-p 00007000 08:07 674756                     /lib/x86_64-linux-gnu/librt-2.19.so
7fcdf0000000-7fcdf002f000 rw-p 00000000 00:00 0 
7fcdf002f000-7fcdf4000000 ---p 00000000 00:00 0 
7fcdf4022000-7fcdf40fb000 rw-p 00000000 00:00 0 
7fcdf40fb000-7fcdf40fc000 ---p 00000000 00:00 0 
7fcdf40fc000-7fcdf41fc000 rw-p 00000000 00:00 0                          [stack:5806]
7fcdf41fc000-7fcdf4212000 r-xp 00000000 08:07 655800                     /lib/x86_64-linux-gnu/libgcc_s.so.1
7fcdf4212000-7fcdf4411000 ---p 00016000 08:07 655800                     /lib/x86_64-linux-gnu/libgcc_s.so.1
7fcdf4411000-7fcdf4412000 rw-p 00015000 08:07 655800                     /lib/x86_64-linux-gnu/libgcc_s.so.1
7fcdf4412000-7fcdf4517000 r-xp 00000000 08:07 660687                     /lib/x86_64-linux-gnu/libm-2.19.so
7fcdf4517000-7fcdf4716000 ---p 00105000 08:07 660687                     /lib/x86_64-linux-gnu/libm-2.19.so
7fcdf4716000-7fcdf4717000 r--p 00104000 08:07 660687                     /lib/x86_64-linux-gnu/libm-2.19.so
7fcdf4717000-7fcdf4718000 rw-p 00105000 08:07 660687                     /lib/x86_64-linux-gnu/libm-2.19.so
7fcdf4718000-7fcdf47fe000 r-xp 00000000 08:07 263865                     /usr/lib/x86_64-linux-gnu/libstdc++.so.6.0.19
7fcdf47fe000-7fcdf49fd000 ---p 000e6000 08:07 263865                     /usr/lib/x86_64-linux-gnu/libstdc++.so.6.0.19
7fcdf49fd000-7fcdf4a05000 r--p 000e5000 08:07 263865                     /usr/lib/x86_64-linux-gnu/libstdc++.so.6.0.19
7fcdf4a05000-7fcdf4a07000 rw-p 000ed000 08:07 263865                     /usr/lib/x86_64-linux-gnu/libstdc++.so.6.0.19
7fcdf4a07000-7fcdf4a1c000 rw-p 00000000 00:00 0 
7fcdf4a1c000-7fcdf5534000 r-xp 00000000 08:07 287576                     /usr/lib/jvm/java-7-openjdk-amd64/jre/lib/amd64/server/libjvm.so
7fcdf5534000-7fcdf5734000 ---p 00b18000 08:07 287576                     /usr/lib/jvm/java-7-openjdk-amd64/jre/lib/amd64/server/libjvm.so
7fcdf5734000-7fcdf57ce000 r--p 00b18000 08:07 287576                     /usr/lib/jvm/java-7-openjdk-amd64/jre/lib/amd64/server/libjvm.so
7fcdf57ce000-7fcdf57f1000 rw-p 00bb2000 08:07 287576                     /usr/lib/jvm/java-7-openjdk-amd64/jre/lib/amd64/server/libjvm.so
7fcdf57f1000-7fcdf581f000 rw-p 00000000 00:00 0 
7fcdf581f000-7fcdf5837000 r-xp 00000000 08:07 659758                     /lib/x86_64-linux-gnu/libz.so.1.2.8
7fcdf5837000-7fcdf5a36000 ---p 00018000 08:07 659758                     /lib/x86_64-linux-gnu/libz.so.1.2.8
7fcdf5a36000-7fcdf5a37000 r--p 00017000 08:07 659758                     /lib/x86_64-linux-gnu/libz.so.1.2.8
7fcdf5a37000-7fcdf5a38000 rw-p 00018000 08:07 659758                     /lib/x86_64-linux-gnu/libz.so.1.2.8
7fcdf5a38000-7fcdf5a51000 r-xp 00000000 08:07 674744                     /lib/x86_64-linux-gnu/libpthread-2.19.so
7fcdf5a51000-7fcdf5c50000 ---p 00019000 08:07 674744                     /lib/x86_64-linux-gnu/libpthread-2.19.so
7fcdf5c50000-7fcdf5c51000 r--p 00018000 08:07 674744                     /lib/x86_64-linux-gnu/libpthread-2.19.so
7fcdf5c51000-7fcdf5c52000 rw-p 00019000 08:07 674744                     /lib/x86_64-linux-gnu/libpthread-2.19.so
7fcdf5c52000-7fcdf5c56000 rw-p 00000000 00:00 0 
7fcdf5c56000-7fcdf5c59000 r-xp 00000000 08:07 660867                     /lib/x86_64-linux-gnu/libdl-2.19.so
7fcdf5c59000-7fcdf5e58000 ---p 00003000 08:07 660867                     /lib/x86_64-linux-gnu/libdl-2.19.so
7fcdf5e58000-7fcdf5e59000 r--p 00002000 08:07 660867                     /lib/x86_64-linux-gnu/libdl-2.19.so
7fcdf5e59000-7fcdf5e5a000 rw-p 00003000 08:07 660867                     /lib/x86_64-linux-gnu/libdl-2.19.so
7fcdf5e5a000-7fcdf6015000 r-xp 00000000 08:07 674706                     /lib/x86_64-linux-gnu/libc-2.19.so
7fcdf6015000-7fcdf6214000 ---p 001bb000 08:07 674706                     /lib/x86_64-linux-gnu/libc-2.19.so
7fcdf6214000-7fcdf6218000 r--p 001ba000 08:07 674706                     /lib/x86_64-linux-gnu/libc-2.19.so
7fcdf6218000-7fcdf621a000 rw-p 001be000 08:07 674706                     /lib/x86_64-linux-gnu/libc-2.19.so
7fcdf621a000-7fcdf621f000 rw-p 00000000 00:00 0 
7fcdf621f000-7fcdf622c000 r-xp 00000000 08:07 287555                     /usr/lib/jvm/java-7-openjdk-amd64/jre/lib/amd64/jli/libjli.so
7fcdf622c000-7fcdf642b000 ---p 0000d000 08:07 287555                     /usr/lib/jvm/java-7-openjdk-amd64/jre/lib/amd64/jli/libjli.so
7fcdf642b000-7fcdf642c000 r--p 0000c000 08:07 287555                     /usr/lib/jvm/java-7-openjdk-amd64/jre/lib/amd64/jli/libjli.so
7fcdf642c000-7fcdf642d000 rw-p 0000d000 08:07 287555                     /usr/lib/jvm/java-7-openjdk-amd64/jre/lib/amd64/jli/libjli.so
7fcdf642d000-7fcdf6450000 r-xp 00000000 08:07 674698                     /lib/x86_64-linux-gnu/ld-2.19.so
7fcdf6528000-7fcdf6532000 rw-p 00000000 00:00 0 
7fcdf6532000-7fcdf65e8000 rw-p 00000000 00:00 0 
7fcdf65e8000-7fcdf65eb000 ---p 00000000 00:00 0 
7fcdf65eb000-7fcdf662e000 rw-p 00000000 00:00 0                          [stack:5805]
7fcdf6641000-7fcdf6643000 rw-p 00000000 00:00 0 
7fcdf6643000-7fcdf664b000 rw-s 00000000 08:07 131619                     /tmp/hsperfdata_shree/5803
7fcdf664b000-7fcdf664c000 rw-p 00000000 00:00 0 
7fcdf664c000-7fcdf664d000 r--p 00000000 00:00 0 
7fcdf664d000-7fcdf664f000 rw-p 00000000 00:00 0 
7fcdf664f000-7fcdf6650000 r--p 00022000 08:07 674698                     /lib/x86_64-linux-gnu/ld-2.19.so
7fcdf6650000-7fcdf6651000 rw-p 00023000 08:07 674698                     /lib/x86_64-linux-gnu/ld-2.19.so
7fcdf6651000-7fcdf6652000 rw-p 00000000 00:00 0 
7fffc1d66000-7fffc1d88000 rw-p 00000000 00:00 0                          [stack]
7fffc1dde000-7fffc1de0000 r-xp 00000000 00:00 0                          [vdso]
ffffffffff600000-ffffffffff601000 r-xp 00000000 00:00 0                  [vsyscall]

VM Arguments:
jvm_args: -ea -javaagent:../../../apache-cassandra-2.1.3/bin/../lib/jamm-0.3.0.jar -XX:+CMSClassUnloadingEnabled -XX:+UseThreadPriorities -XX:ThreadPriorityPolicy=42 -Xms1024M -Xmx1024M -Xmn256M -XX:+HeapDumpOnOutOfMemoryError -Xss256k -XX:StringTableSize=1000003 -XX:+UseParNewGC -XX:+UseConcMarkSweepGC -XX:+CMSParallelRemarkEnabled -XX:SurvivorRatio=8 -XX:MaxTenuringThreshold=1 -XX:CMSInitiatingOccupancyFraction=75 -XX:+UseCMSInitiatingOccupancyOnly -XX:+UseTLAB -XX:CompileCommandFile=../../../apache-cassandra-2.1.3/bin/../conf/hotspot_compiler -XX:CMSWaitDuration=10000 -XX:+CMSParallelInitialMarkEnabled -XX:+CMSEdenChunksRecordAlways -XX:CMSWaitDuration=10000 -XX:+UseCondCardMark -Djava.net.preferIPv4Stack=true -Dcom.sun.management.jmxremote.port=7199 -Dcom.sun.management.jmxremote.rmi.port=7199 -Dcom.sun.management.jmxremote.ssl=false -Dcom.sun.management.jmxremote.authenticate=false 
java_command: <unknown>
Launcher Type: SUN_STANDARD

Environment Variables:
PATH=/usr/local/sbin:/usr/local/bin:/usr/sbin:/usr/bin:/sbin:/bin:/usr/games:/usr/local/games:/media/shree/D/chowta/classes/1/web2.0/peeyush/activator-1.3.2-minimal/:/media/shree/D/chowta/classes/1/web2.0/peeyush/play-2.2.6
SHELL=/bin/bash
DISPLAY=:0

Signal Handlers:
SIGSEGV: [libjvm.so+0x94b4b0], sa_mask[0]=0x7ffbfeff, sa_flags=0x10000004
SIGBUS: [libjvm.so+0x94b4b0], sa_mask[0]=0x7ffbfeff, sa_flags=0x10000004
SIGFPE: [libjvm.so+0x7c3390], sa_mask[0]=0x7ffbfeff, sa_flags=0x10000004
SIGPIPE: [libjvm.so+0x7c3390], sa_mask[0]=0x7ffbfeff, sa_flags=0x10000004
SIGXFSZ: [libjvm.so+0x7c3390], sa_mask[0]=0x7ffbfeff, sa_flags=0x10000004
SIGILL: [libjvm.so+0x7c3390], sa_mask[0]=0x7ffbfeff, sa_flags=0x10000004
SIGUSR1: SIG_DFL, sa_mask[0]=0x00000000, sa_flags=0x00000000
SIGUSR2: [libjvm.so+0x7c3230], sa_mask[0]=0x00000000, sa_flags=0x10000004
SIGHUP: SIG_DFL, sa_mask[0]=0x00000000, sa_flags=0x00000000
SIGINT: SIG_DFL, sa_mask[0]=0x00000000, sa_flags=0x00000000
SIGTERM: SIG_DFL, sa_mask[0]=0x00000000, sa_flags=0x00000000
SIGQUIT: SIG_DFL, sa_mask[0]=0x00000000, sa_flags=0x00000000
SIGTRAP: SIG_DFL, sa_mask[0]=0x00000000, sa_flags=0x00000000


---------------  S Y S T E M  ---------------

OS:Ubuntu 14.04 (trusty)
uname:Linux 3.13.0-46-generic #79-Ubuntu SMP Tue Mar 10 20:06:50 UTC 2015 x86_64
libc:glibc 2.19 NPTL 2.19 
rlimit: STACK 8192k, CORE 0k, NPROC 30380, NOFILE 4096, AS infinity
load average:0.88 0.50 0.51

/proc/meminfo:
MemTotal:        3910296 kB
MemFree:          439720 kB
Buffers:           16220 kB
Cached:           580076 kB
SwapCached:        58328 kB
Active:          2418836 kB
Inactive:         834320 kB
Active(anon):    2326348 kB
Inactive(anon):   731984 kB
Active(file):      92488 kB
Inactive(file):   102336 kB
Unevictable:         216 kB
Mlocked:             216 kB
SwapTotal:        975868 kB
SwapFree:         181248 kB
Dirty:              1960 kB
Writeback:             0 kB
AnonPages:       2599632 kB
Mapped:           215172 kB
Shmem:            401488 kB
Slab:              76608 kB
SReclaimable:      31644 kB
SUnreclaim:        44964 kB
KernelStack:        6016 kB
PageTables:        71236 kB
NFS_Unstable:          0 kB
Bounce:                0 kB
WritebackTmp:          0 kB
CommitLimit:     2931016 kB
Committed_AS:   10162280 kB
VmallocTotal:   34359738367 kB
VmallocUsed:      347368 kB
VmallocChunk:   34359381020 kB
HardwareCorrupted:     0 kB
AnonHugePages:    794624 kB
HugePages_Total:       0
HugePages_Free:        0
HugePages_Rsvd:        0
HugePages_Surp:        0
Hugepagesize:       2048 kB
DirectMap4k:       73196 kB
DirectMap2M:     3983360 kB


CPU:total 4 (2 cores per cpu, 2 threads per core) family 6 model 58 stepping 9, cmov, cx8, fxsr, mmx, sse, sse2, sse3, ssse3, sse4.1, sse4.2, popcnt, avx, erms, ht, tsc, tscinvbit, tscinv

/proc/cpuinfo:
processor	: 0
vendor_id	: GenuineIntel
cpu family	: 6
model		: 58
model name	: Intel(R) Core(TM) i3-3110M CPU @ 2.40GHz
stepping	: 9
microcode	: 0x15
cpu MHz		: 2000.000
cache size	: 3072 KB
physical id	: 0
siblings	: 4
core id		: 0
cpu cores	: 2
apicid		: 0
initial apicid	: 0
fpu		: yes
fpu_exception	: yes
cpuid level	: 13
wp		: yes
flags		: fpu vme de pse tsc msr pae mce cx8 apic sep mtrr pge mca cmov pat pse36 clflush dts acpi mmx fxsr sse sse2 ss ht tm pbe syscall nx rdtscp lm constant_tsc arch_perfmon pebs bts rep_good nopl xtopology nonstop_tsc aperfmperf eagerfpu pni pclmulqdq dtes64 monitor ds_cpl vmx est tm2 ssse3 cx16 xtpr pdcm pcid sse4_1 sse4_2 x2apic popcnt tsc_deadline_timer xsave avx f16c lahf_lm arat epb xsaveopt pln pts dtherm tpr_shadow vnmi flexpriority ept vpid fsgsbase smep erms
bogomips	: 4789.59
clflush size	: 64
cache_alignment	: 64
address sizes	: 36 bits physical, 48 bits virtual
power management:

processor	: 1
vendor_id	: GenuineIntel
cpu family	: 6
model		: 58
model name	: Intel(R) Core(TM) i3-3110M CPU @ 2.40GHz
stepping	: 9
microcode	: 0x15
cpu MHz		: 1200.000
cache size	: 3072 KB
physical id	: 0
siblings	: 4
core id		: 1
cpu cores	: 2
apicid		: 2
initial apicid	: 2
fpu		: yes
fpu_exception	: yes
cpuid level	: 13
wp		: yes
flags		: fpu vme de pse tsc msr pae mce cx8 apic sep mtrr pge mca cmov pat pse36 clflush dts acpi mmx fxsr sse sse2 ss ht tm pbe syscall nx rdtscp lm constant_tsc arch_perfmon pebs bts rep_good nopl xtopology nonstop_tsc aperfmperf eagerfpu pni pclmulqdq dtes64 monitor ds_cpl vmx est tm2 ssse3 cx16 xtpr pdcm pcid sse4_1 sse4_2 x2apic popcnt tsc_deadline_timer xsave avx f16c lahf_lm arat epb xsaveopt pln pts dtherm tpr_shadow vnmi flexpriority ept vpid fsgsbase smep erms
bogomips	: 4789.59
clflush size	: 64
cache_alignment	: 64
address sizes	: 36 bits physical, 48 bits virtual
power management:

processor	: 2
vendor_id	: GenuineIntel
cpu family	: 6
model		: 58
model name	: Intel(R) Core(TM) i3-3110M CPU @ 2.40GHz
stepping	: 9
microcode	: 0x15
cpu MHz		: 1200.000
cache size	: 3072 KB
physical id	: 0
siblings	: 4
core id		: 0
cpu cores	: 2
apicid		: 1
initial apicid	: 1
fpu		: yes
fpu_exception	: yes
cpuid level	: 13
wp		: yes
flags		: fpu vme de pse tsc msr pae mce cx8 apic sep mtrr pge mca cmov pat pse36 clflush dts acpi mmx fxsr sse sse2 ss ht tm pbe syscall nx rdtscp lm constant_tsc arch_perfmon pebs bts rep_good nopl xtopology nonstop_tsc aperfmperf eagerfpu pni pclmulqdq dtes64 monitor ds_cpl vmx est tm2 ssse3 cx16 xtpr pdcm pcid sse4_1 sse4_2 x2apic popcnt tsc_deadline_timer xsave avx f16c lahf_lm arat epb xsaveopt pln pts dtherm tpr_shadow vnmi flexpriority ept vpid fsgsbase smep erms
bogomips	: 4789.59
clflush size	: 64
cache_alignment	: 64
address sizes	: 36 bits physical, 48 bits virtual
power management:

processor	: 3
vendor_id	: GenuineIntel
cpu family	: 6
model		: 58
model name	: Intel(R) Core(TM) i3-3110M CPU @ 2.40GHz
stepping	: 9
microcode	: 0x15
cpu MHz		: 1200.000
cache size	: 3072 KB
physical id	: 0
siblings	: 4
core id		: 1
cpu cores	: 2
apicid		: 3
initial apicid	: 3
fpu		: yes
fpu_exception	: yes
cpuid level	: 13
wp		: yes
flags		: fpu vme de pse tsc msr pae mce cx8 apic sep mtrr pge mca cmov pat pse36 clflush dts acpi mmx fxsr sse sse2 ss ht tm pbe syscall nx rdtscp lm constant_tsc arch_perfmon pebs bts rep_good nopl xtopology nonstop_tsc aperfmperf eagerfpu pni pclmulqdq dtes64 monitor ds_cpl vmx est tm2 ssse3 cx16 xtpr pdcm pcid sse4_1 sse4_2 x2apic popcnt tsc_deadline_timer xsave avx f16c lahf_lm arat epb xsaveopt pln pts dtherm tpr_shadow vnmi flexpriority ept vpid fsgsbase smep erms
bogomips	: 4789.59
clflush size	: 64
cache_alignment	: 64
address sizes	: 36 bits physical, 48 bits virtual
power management:



Memory: 4k page, physical 3910296k(439720k free), swap 975868k(181248k free)

vm_info: OpenJDK 64-Bit Server VM (24.75-b04) for linux-amd64 JRE (1.7.0_75-b13), built on Jan 27 2015 00:38:59 by "buildd" with gcc 4.8.2

time: Sun Mar 22 15:10:27 2015
elapsed time: 0 seconds

