#
# There is insufficient memory for the Java Runtime Environment to continue.
# Native memory allocation (malloc) failed to allocate 805306368 bytes for committing reserved memory.
# Possible reasons:
#   The system is out of physical RAM or swap space
#   In 32 bit mode, the process size limit was hit
# Possible solutions:
#   Reduce memory load on the system
#   Increase physical memory or swap space
#   Check if swap backing store is full
#   Use 64 bit Java on a 64 bit OS
#   Decrease Java heap size (-Xmx/-Xms)
#   Decrease number of Java threads
#   Decrease Java thread stack sizes (-Xss)
#   Set larger code cache with -XX:ReservedCodeCacheSize=
# This output file may be truncated or incomplete.
#
#  Out of Memory Error (os_linux.cpp:2798), pid=5062, tid=140539291944704
#
# JRE version:  (7.0_75-b13) (build )
# Java VM: OpenJDK 64-Bit Server VM (24.75-b04 mixed mode linux-amd64 compressed oops)
# Derivative: IcedTea 2.5.4
# Distribution: Ubuntu 14.04 LTS, package 7u75-2.5.4-1~trusty1
# Failed to write core dump. Core dumps have been disabled. To enable core dumping, try "ulimit -c unlimited" before starting Java again
#

---------------  T H R E A D  ---------------

Current thread (0x00007fd1d400d000):  JavaThread "Unknown thread" [_thread_in_vm, id=5064, stack(0x00007fd1da8ec000,0x00007fd1da92d000)]

Stack: [0x00007fd1da8ec000,0x00007fd1da92d000],  sp=0x00007fd1da92b3d0,  free space=252k
Native frames: (J=compiled Java code, j=interpreted, Vv=VM code, C=native code)
V  [libjvm.so+0x94a9d5]  VMError::report_and_die()+0x175
V  [libjvm.so+0x48b954]  report_vm_out_of_memory(char const*, int, unsigned long, char const*)+0x74
V  [libjvm.so+0x7c7b7b]  os::pd_commit_memory(char*, unsigned long, unsigned long, bool)+0xeb
V  [libjvm.so+0x7c263f]  os::commit_memory(char*, unsigned long, unsigned long, bool)+0x1f
V  [libjvm.so+0x9478c4]  VirtualSpace::expand_by(unsigned long, bool)+0x1c4
V  [libjvm.so+0x56241b]  CardGeneration::CardGeneration(ReservedSpace, unsigned long, int, GenRemSet*)+0x11b
V  [libjvm.so+0x45e63d]  ConcurrentMarkSweepGeneration::ConcurrentMarkSweepGeneration(ReservedSpace, unsigned long, int, CardTableRS*, bool, FreeBlockDictionary<FreeChunk>::DictionaryChoice)+0x5d
V  [libjvm.so+0x563019]  GenerationSpec::init(ReservedSpace, int, GenRemSet*)+0x239
V  [libjvm.so+0x555122]  GenCollectedHeap::initialize()+0x312
V  [libjvm.so+0x91b447]  Universe::initialize_heap()+0xc7
V  [libjvm.so+0x91b777]  universe_init()+0x67
V  [libjvm.so+0x59d1d5]  init_globals()+0x55
V  [libjvm.so+0x8fe15f]  Threads::create_vm(JavaVMInitArgs*, bool*)+0x35f
V  [libjvm.so+0x608554]  JNI_CreateJavaVM+0x54
C  [libjli.so+0x2b48]


---------------  P R O C E S S  ---------------

Java Threads: ( => current thread )

Other Threads:

=>0x00007fd1d400d000 (exited) JavaThread "Unknown thread" [_thread_in_vm, id=5064, stack(0x00007fd1da8ec000,0x00007fd1da92d000)]

VM state:not at safepoint (not fully initialized)

VM Mutex/Monitor currently owned by a thread: None

GC Heap History (0 events):
No events

Deoptimization events (0 events):
No events

Internal exceptions (0 events):
No events

Events (0 events):
No events


Dynamic libraries:
00400000-00401000 r-xp 00000000 08:07 287590                             /usr/lib/jvm/java-7-openjdk-amd64/jre/bin/java
00600000-00601000 r--p 00000000 08:07 287590                             /usr/lib/jvm/java-7-openjdk-amd64/jre/bin/java
00601000-00602000 rw-p 00001000 08:07 287590                             /usr/lib/jvm/java-7-openjdk-amd64/jre/bin/java
01976000-01997000 rw-p 00000000 00:00 0                                  [heap]
b5a00000-c5a00000 rw-p 00000000 00:00 0 
f5a00000-100000000 rw-p 00000000 00:00 0 
7fd1c4000000-7fd1c4021000 rw-p 00000000 00:00 0 
7fd1c4021000-7fd1c8000000 ---p 00000000 00:00 0 
7fd1cb544000-7fd1cbb29000 rw-p 00000000 00:00 0 
7fd1cbb29000-7fd1cbcfc000 rw-p 00000000 00:00 0 
7fd1cbcfc000-7fd1cbcfd000 rw-p 00000000 00:00 0 
7fd1cbcfd000-7fd1cbcfe000 ---p 00000000 00:00 0 
7fd1cbcfe000-7fd1cbdfe000 rw-p 00000000 00:00 0                          [stack:5068]
7fd1cbdfe000-7fd1cbdff000 ---p 00000000 00:00 0 
7fd1cbdff000-7fd1cbeff000 rw-p 00000000 00:00 0                          [stack:5067]
7fd1cbeff000-7fd1cbf00000 ---p 00000000 00:00 0 
7fd1cbf00000-7fd1cc000000 rw-p 00000000 00:00 0                          [stack:5066]
7fd1cc000000-7fd1cc021000 rw-p 00000000 00:00 0 
7fd1cc021000-7fd1d0000000 ---p 00000000 00:00 0 
7fd1d0081000-7fd1d0082000 ---p 00000000 00:00 0 
7fd1d0082000-7fd1d0182000 rw-p 00000000 00:00 0                          [stack:5065]
7fd1d0182000-7fd1d03f2000 rwxp 00000000 00:00 0 
7fd1d03f2000-7fd1d3182000 rw-p 00000000 00:00 0 
7fd1d3182000-7fd1d318a000 r-xp 00000000 08:07 287587                     /usr/lib/jvm/java-7-openjdk-amd64/jre/lib/amd64/libzip.so
7fd1d318a000-7fd1d3389000 ---p 00008000 08:07 287587                     /usr/lib/jvm/java-7-openjdk-amd64/jre/lib/amd64/libzip.so
7fd1d3389000-7fd1d338a000 r--p 00007000 08:07 287587                     /usr/lib/jvm/java-7-openjdk-amd64/jre/lib/amd64/libzip.so
7fd1d338a000-7fd1d338b000 rw-p 00008000 08:07 287587                     /usr/lib/jvm/java-7-openjdk-amd64/jre/lib/amd64/libzip.so
7fd1d338b000-7fd1d3396000 r-xp 00000000 08:07 660688                     /lib/x86_64-linux-gnu/libnss_files-2.19.so
7fd1d3396000-7fd1d3595000 ---p 0000b000 08:07 660688                     /lib/x86_64-linux-gnu/libnss_files-2.19.so
7fd1d3595000-7fd1d3596000 r--p 0000a000 08:07 660688                     /lib/x86_64-linux-gnu/libnss_files-2.19.so
7fd1d3596000-7fd1d3597000 rw-p 0000b000 08:07 660688                     /lib/x86_64-linux-gnu/libnss_files-2.19.so
7fd1d3597000-7fd1d35a2000 r-xp 00000000 08:07 674762                     /lib/x86_64-linux-gnu/libnss_nis-2.19.so
7fd1d35a2000-7fd1d37a1000 ---p 0000b000 08:07 674762                     /lib/x86_64-linux-gnu/libnss_nis-2.19.so
7fd1d37a1000-7fd1d37a2000 r--p 0000a000 08:07 674762                     /lib/x86_64-linux-gnu/libnss_nis-2.19.so
7fd1d37a2000-7fd1d37a3000 rw-p 0000b000 08:07 674762                     /lib/x86_64-linux-gnu/libnss_nis-2.19.so
7fd1d37a3000-7fd1d37ba000 r-xp 00000000 08:07 674696                     /lib/x86_64-linux-gnu/libnsl-2.19.so
7fd1d37ba000-7fd1d39b9000 ---p 00017000 08:07 674696                     /lib/x86_64-linux-gnu/libnsl-2.19.so
7fd1d39b9000-7fd1d39ba000 r--p 00016000 08:07 674696                     /lib/x86_64-linux-gnu/libnsl-2.19.so
7fd1d39ba000-7fd1d39bb000 rw-p 00017000 08:07 674696                     /lib/x86_64-linux-gnu/libnsl-2.19.so
7fd1d39bb000-7fd1d39bd000 rw-p 00000000 00:00 0 
7fd1d39bd000-7fd1d39c6000 r-xp 00000000 08:07 674695                     /lib/x86_64-linux-gnu/libnss_compat-2.19.so
7fd1d39c6000-7fd1d3bc5000 ---p 00009000 08:07 674695                     /lib/x86_64-linux-gnu/libnss_compat-2.19.so
7fd1d3bc5000-7fd1d3bc6000 r--p 00008000 08:07 674695                     /lib/x86_64-linux-gnu/libnss_compat-2.19.so
7fd1d3bc6000-7fd1d3bc7000 rw-p 00009000 08:07 674695                     /lib/x86_64-linux-gnu/libnss_compat-2.19.so
7fd1d3bc7000-7fd1d3bd1000 r-xp 00000000 08:07 287552                     /usr/lib/jvm/java-7-openjdk-amd64/jre/lib/amd64/libinstrument.so
7fd1d3bd1000-7fd1d3dd0000 ---p 0000a000 08:07 287552                     /usr/lib/jvm/java-7-openjdk-amd64/jre/lib/amd64/libinstrument.so
7fd1d3dd0000-7fd1d3dd1000 r--p 00009000 08:07 287552                     /usr/lib/jvm/java-7-openjdk-amd64/jre/lib/amd64/libinstrument.so
7fd1d3dd1000-7fd1d3dd2000 rw-p 0000a000 08:07 287552                     /usr/lib/jvm/java-7-openjdk-amd64/jre/lib/amd64/libinstrument.so
7fd1d3dd2000-7fd1d3dfd000 r-xp 00000000 08:07 287572                     /usr/lib/jvm/java-7-openjdk-amd64/jre/lib/amd64/libjava.so
7fd1d3dfd000-7fd1d3ffd000 ---p 0002b000 08:07 287572                     /usr/lib/jvm/java-7-openjdk-amd64/jre/lib/amd64/libjava.so
7fd1d3ffd000-7fd1d3ffe000 r--p 0002b000 08:07 287572                     /usr/lib/jvm/java-7-openjdk-amd64/jre/lib/amd64/libjava.so
7fd1d3ffe000-7fd1d4000000 rw-p 0002c000 08:07 287572                     /usr/lib/jvm/java-7-openjdk-amd64/jre/lib/amd64/libjava.so
7fd1d4000000-7fd1d402f000 rw-p 00000000 00:00 0 
7fd1d402f000-7fd1d8000000 ---p 00000000 00:00 0 
7fd1d800d000-7fd1d80e6000 rw-p 00000000 00:00 0 
7fd1d80e6000-7fd1d80f6000 r-xp 00000000 08:07 287571                     /usr/lib/jvm/java-7-openjdk-amd64/jre/lib/amd64/libverify.so
7fd1d80f6000-7fd1d82f5000 ---p 00010000 08:07 287571                     /usr/lib/jvm/java-7-openjdk-amd64/jre/lib/amd64/libverify.so
7fd1d82f5000-7fd1d82f7000 r--p 0000f000 08:07 287571                     /usr/lib/jvm/java-7-openjdk-amd64/jre/lib/amd64/libverify.so
7fd1d82f7000-7fd1d82f8000 rw-p 00011000 08:07 287571                     /usr/lib/jvm/java-7-openjdk-amd64/jre/lib/amd64/libverify.so
7fd1d82f8000-7fd1d82ff000 r-xp 00000000 08:07 674756                     /lib/x86_64-linux-gnu/librt-2.19.so
7fd1d82ff000-7fd1d84fe000 ---p 00007000 08:07 674756                     /lib/x86_64-linux-gnu/librt-2.19.so
7fd1d84fe000-7fd1d84ff000 r--p 00006000 08:07 674756                     /lib/x86_64-linux-gnu/librt-2.19.so
7fd1d84ff000-7fd1d8500000 rw-p 00007000 08:07 674756                     /lib/x86_64-linux-gnu/librt-2.19.so
7fd1d8500000-7fd1d8516000 r-xp 00000000 08:07 655800                     /lib/x86_64-linux-gnu/libgcc_s.so.1
7fd1d8516000-7fd1d8715000 ---p 00016000 08:07 655800                     /lib/x86_64-linux-gnu/libgcc_s.so.1
7fd1d8715000-7fd1d8716000 rw-p 00015000 08:07 655800                     /lib/x86_64-linux-gnu/libgcc_s.so.1
7fd1d8716000-7fd1d881b000 r-xp 00000000 08:07 660687                     /lib/x86_64-linux-gnu/libm-2.19.so
7fd1d881b000-7fd1d8a1a000 ---p 00105000 08:07 660687                     /lib/x86_64-linux-gnu/libm-2.19.so
7fd1d8a1a000-7fd1d8a1b000 r--p 00104000 08:07 660687                     /lib/x86_64-linux-gnu/libm-2.19.so
7fd1d8a1b000-7fd1d8a1c000 rw-p 00105000 08:07 660687                     /lib/x86_64-linux-gnu/libm-2.19.so
7fd1d8a1c000-7fd1d8b02000 r-xp 00000000 08:07 263865                     /usr/lib/x86_64-linux-gnu/libstdc++.so.6.0.19
7fd1d8b02000-7fd1d8d01000 ---p 000e6000 08:07 263865                     /usr/lib/x86_64-linux-gnu/libstdc++.so.6.0.19
7fd1d8d01000-7fd1d8d09000 r--p 000e5000 08:07 263865                     /usr/lib/x86_64-linux-gnu/libstdc++.so.6.0.19
7fd1d8d09000-7fd1d8d0b000 rw-p 000ed000 08:07 263865                     /usr/lib/x86_64-linux-gnu/libstdc++.so.6.0.19
7fd1d8d0b000-7fd1d8d20000 rw-p 00000000 00:00 0 
7fd1d8d20000-7fd1d9838000 r-xp 00000000 08:07 287576                     /usr/lib/jvm/java-7-openjdk-amd64/jre/lib/amd64/server/libjvm.so
7fd1d9838000-7fd1d9a38000 ---p 00b18000 08:07 287576                     /usr/lib/jvm/java-7-openjdk-amd64/jre/lib/amd64/server/libjvm.so
7fd1d9a38000-7fd1d9ad2000 r--p 00b18000 08:07 287576                     /usr/lib/jvm/java-7-openjdk-amd64/jre/lib/amd64/server/libjvm.so
7fd1d9ad2000-7fd1d9af5000 rw-p 00bb2000 08:07 287576                     /usr/lib/jvm/java-7-openjdk-amd64/jre/lib/amd64/server/libjvm.so
7fd1d9af5000-7fd1d9b23000 rw-p 00000000 00:00 0 
7fd1d9b23000-7fd1d9b3b000 r-xp 00000000 08:07 659758                     /lib/x86_64-linux-gnu/libz.so.1.2.8
7fd1d9b3b000-7fd1d9d3a000 ---p 00018000 08:07 659758                     /lib/x86_64-linux-gnu/libz.so.1.2.8
7fd1d9d3a000-7fd1d9d3b000 r--p 00017000 08:07 659758                     /lib/x86_64-linux-gnu/libz.so.1.2.8
7fd1d9d3b000-7fd1d9d3c000 rw-p 00018000 08:07 659758                     /lib/x86_64-linux-gnu/libz.so.1.2.8
7fd1d9d3c000-7fd1d9d55000 r-xp 00000000 08:07 674744                     /lib/x86_64-linux-gnu/libpthread-2.19.so
7fd1d9d55000-7fd1d9f54000 ---p 00019000 08:07 674744                     /lib/x86_64-linux-gnu/libpthread-2.19.so
7fd1d9f54000-7fd1d9f55000 r--p 00018000 08:07 674744                     /lib/x86_64-linux-gnu/libpthread-2.19.so
7fd1d9f55000-7fd1d9f56000 rw-p 00019000 08:07 674744                     /lib/x86_64-linux-gnu/libpthread-2.19.so
7fd1d9f56000-7fd1d9f5a000 rw-p 00000000 00:00 0 
7fd1d9f5a000-7fd1d9f5d000 r-xp 00000000 08:07 660867                     /lib/x86_64-linux-gnu/libdl-2.19.so
7fd1d9f5d000-7fd1da15c000 ---p 00003000 08:07 660867                     /lib/x86_64-linux-gnu/libdl-2.19.so
7fd1da15c000-7fd1da15d000 r--p 00002000 08:07 660867                     /lib/x86_64-linux-gnu/libdl-2.19.so
7fd1da15d000-7fd1da15e000 rw-p 00003000 08:07 660867                     /lib/x86_64-linux-gnu/libdl-2.19.so
7fd1da15e000-7fd1da319000 r-xp 00000000 08:07 674706                     /lib/x86_64-linux-gnu/libc-2.19.so
7fd1da319000-7fd1da518000 ---p 001bb000 08:07 674706                     /lib/x86_64-linux-gnu/libc-2.19.so
7fd1da518000-7fd1da51c000 r--p 001ba000 08:07 674706                     /lib/x86_64-linux-gnu/libc-2.19.so
7fd1da51c000-7fd1da51e000 rw-p 001be000 08:07 674706                     /lib/x86_64-linux-gnu/libc-2.19.so
7fd1da51e000-7fd1da523000 rw-p 00000000 00:00 0 
7fd1da523000-7fd1da530000 r-xp 00000000 08:07 287555                     /usr/lib/jvm/java-7-openjdk-amd64/jre/lib/amd64/jli/libjli.so
7fd1da530000-7fd1da72f000 ---p 0000d000 08:07 287555                     /usr/lib/jvm/java-7-openjdk-amd64/jre/lib/amd64/jli/libjli.so
7fd1da72f000-7fd1da730000 r--p 0000c000 08:07 287555                     /usr/lib/jvm/java-7-openjdk-amd64/jre/lib/amd64/jli/libjli.so
7fd1da730000-7fd1da731000 rw-p 0000d000 08:07 287555                     /usr/lib/jvm/java-7-openjdk-amd64/jre/lib/amd64/jli/libjli.so
7fd1da731000-7fd1da754000 r-xp 00000000 08:07 674698                     /lib/x86_64-linux-gnu/ld-2.19.so
7fd1da82c000-7fd1da836000 rw-p 00000000 00:00 0 
7fd1da836000-7fd1da8ec000 rw-p 00000000 00:00 0 
7fd1da8ec000-7fd1da8ef000 ---p 00000000 00:00 0 
7fd1da8ef000-7fd1da932000 rw-p 00000000 00:00 0                          [stack:5064]
7fd1da945000-7fd1da947000 rw-p 00000000 00:00 0 
7fd1da947000-7fd1da94f000 rw-s 00000000 08:07 132361                     /tmp/hsperfdata_shree/5062
7fd1da94f000-7fd1da950000 rw-p 00000000 00:00 0 
7fd1da950000-7fd1da951000 r--p 00000000 00:00 0 
7fd1da951000-7fd1da953000 rw-p 00000000 00:00 0 
7fd1da953000-7fd1da954000 r--p 00022000 08:07 674698                     /lib/x86_64-linux-gnu/ld-2.19.so
7fd1da954000-7fd1da955000 rw-p 00023000 08:07 674698                     /lib/x86_64-linux-gnu/ld-2.19.so
7fd1da955000-7fd1da956000 rw-p 00000000 00:00 0 
7fff0fa6e000-7fff0fa90000 rw-p 00000000 00:00 0                          [stack]
7fff0facc000-7fff0face000 r-xp 00000000 00:00 0                          [vdso]
ffffffffff600000-ffffffffff601000 r-xp 00000000 00:00 0                  [vsyscall]

VM Arguments:
jvm_args: -ea -javaagent:../../../apache-cassandra-2.1.3/bin/../lib/jamm-0.3.0.jar -XX:+CMSClassUnloadingEnabled -XX:+UseThreadPriorities -XX:ThreadPriorityPolicy=42 -Xms1024M -Xmx1024M -Xmn256M -XX:+HeapDumpOnOutOfMemoryError -Xss256k -XX:StringTableSize=1000003 -XX:+UseParNewGC -XX:+UseConcMarkSweepGC -XX:+CMSParallelRemarkEnabled -XX:SurvivorRatio=8 -XX:MaxTenuringThreshold=1 -XX:CMSInitiatingOccupancyFraction=75 -XX:+UseCMSInitiatingOccupancyOnly -XX:+UseTLAB -XX:CompileCommandFile=../../../apache-cassandra-2.1.3/bin/../conf/hotspot_compiler -XX:CMSWaitDuration=10000 -XX:+CMSParallelInitialMarkEnabled -XX:+CMSEdenChunksRecordAlways -XX:CMSWaitDuration=10000 -XX:+UseCondCardMark -Djava.net.preferIPv4Stack=true -Dcom.sun.management.jmxremote.port=7199 -Dcom.sun.management.jmxremote.rmi.port=7199 -Dcom.sun.management.jmxremote.ssl=false -Dcom.sun.management.jmxremote.authenticate=false 
java_command: <unknown>
Launcher Type: SUN_STANDARD

Environment Variables:
PATH=/usr/local/sbin:/usr/local/bin:/usr/sbin:/usr/bin:/sbin:/bin:/usr/games:/usr/local/games:/media/shree/D/chowta/classes/1/web2.0/peeyush/activator-1.3.2-minimal/:/media/shree/D/chowta/classes/1/web2.0/peeyush/play-2.2.6
SHELL=/bin/bash
DISPLAY=:0

Signal Handlers:
SIGSEGV: [libjvm.so+0x94b4b0], sa_mask[0]=0x7ffbfeff, sa_flags=0x10000004
SIGBUS: [libjvm.so+0x94b4b0], sa_mask[0]=0x7ffbfeff, sa_flags=0x10000004
SIGFPE: [libjvm.so+0x7c3390], sa_mask[0]=0x7ffbfeff, sa_flags=0x10000004
SIGPIPE: [libjvm.so+0x7c3390], sa_mask[0]=0x7ffbfeff, sa_flags=0x10000004
SIGXFSZ: [libjvm.so+0x7c3390], sa_mask[0]=0x7ffbfeff, sa_flags=0x10000004
SIGILL: [libjvm.so+0x7c3390], sa_mask[0]=0x7ffbfeff, sa_flags=0x10000004
SIGUSR1: SIG_DFL, sa_mask[0]=0x00000000, sa_flags=0x00000000
SIGUSR2: [libjvm.so+0x7c3230], sa_mask[0]=0x00000000, sa_flags=0x10000004
SIGHUP: SIG_DFL, sa_mask[0]=0x00000000, sa_flags=0x00000000
SIGINT: SIG_DFL, sa_mask[0]=0x00000000, sa_flags=0x00000000
SIGTERM: SIG_DFL, sa_mask[0]=0x00000000, sa_flags=0x00000000
SIGQUIT: SIG_DFL, sa_mask[0]=0x00000000, sa_flags=0x00000000
SIGTRAP: SIG_DFL, sa_mask[0]=0x00000000, sa_flags=0x00000000


---------------  S Y S T E M  ---------------

OS:Ubuntu 14.04 (trusty)
uname:Linux 3.13.0-46-generic #79-Ubuntu SMP Tue Mar 10 20:06:50 UTC 2015 x86_64
libc:glibc 2.19 NPTL 2.19 
rlimit: STACK 8192k, CORE 0k, NPROC 30380, NOFILE 4096, AS infinity
load average:1.10 0.80 0.63

/proc/meminfo:
MemTotal:        3910296 kB
MemFree:          134892 kB
Buffers:            6236 kB
Cached:           573296 kB
SwapCached:        32136 kB
Active:          2689872 kB
Inactive:         863928 kB
Active(anon):    2634160 kB
Inactive(anon):   798540 kB
Active(file):      55712 kB
Inactive(file):    65388 kB
Unevictable:         216 kB
Mlocked:             216 kB
SwapTotal:        975868 kB
SwapFree:         503092 kB
Dirty:               172 kB
Writeback:             0 kB
AnonPages:       2945920 kB
Mapped:           258260 kB
Shmem:            458400 kB
Slab:              79404 kB
SReclaimable:      35252 kB
SUnreclaim:        44152 kB
KernelStack:        5696 kB
PageTables:        72704 kB
NFS_Unstable:          0 kB
Bounce:                0 kB
WritebackTmp:          0 kB
CommitLimit:     2931016 kB
Committed_AS:   10060492 kB
VmallocTotal:   34359738367 kB
VmallocUsed:      347400 kB
VmallocChunk:   34359380988 kB
HardwareCorrupted:     0 kB
AnonHugePages:    827392 kB
HugePages_Total:       0
HugePages_Free:        0
HugePages_Rsvd:        0
HugePages_Surp:        0
Hugepagesize:       2048 kB
DirectMap4k:       73196 kB
DirectMap2M:     3983360 kB


CPU:total 4 (2 cores per cpu, 2 threads per core) family 6 model 58 stepping 9, cmov, cx8, fxsr, mmx, sse, sse2, sse3, ssse3, sse4.1, sse4.2, popcnt, avx, erms, ht, tsc, tscinvbit, tscinv

/proc/cpuinfo:
processor	: 0
vendor_id	: GenuineIntel
cpu family	: 6
model		: 58
model name	: Intel(R) Core(TM) i3-3110M CPU @ 2.40GHz
stepping	: 9
microcode	: 0x15
cpu MHz		: 1200.000
cache size	: 3072 KB
physical id	: 0
siblings	: 4
core id		: 0
cpu cores	: 2
apicid		: 0
initial apicid	: 0
fpu		: yes
fpu_exception	: yes
cpuid level	: 13
wp		: yes
flags		: fpu vme de pse tsc msr pae mce cx8 apic sep mtrr pge mca cmov pat pse36 clflush dts acpi mmx fxsr sse sse2 ss ht tm pbe syscall nx rdtscp lm constant_tsc arch_perfmon pebs bts rep_good nopl xtopology nonstop_tsc aperfmperf eagerfpu pni pclmulqdq dtes64 monitor ds_cpl vmx est tm2 ssse3 cx16 xtpr pdcm pcid sse4_1 sse4_2 x2apic popcnt tsc_deadline_timer xsave avx f16c lahf_lm arat epb xsaveopt pln pts dtherm tpr_shadow vnmi flexpriority ept vpid fsgsbase smep erms
bogomips	: 4789.59
clflush size	: 64
cache_alignment	: 64
address sizes	: 36 bits physical, 48 bits virtual
power management:

processor	: 1
vendor_id	: GenuineIntel
cpu family	: 6
model		: 58
model name	: Intel(R) Core(TM) i3-3110M CPU @ 2.40GHz
stepping	: 9
microcode	: 0x15
cpu MHz		: 1200.000
cache size	: 3072 KB
physical id	: 0
siblings	: 4
core id		: 1
cpu cores	: 2
apicid		: 2
initial apicid	: 2
fpu		: yes
fpu_exception	: yes
cpuid level	: 13
wp		: yes
flags		: fpu vme de pse tsc msr pae mce cx8 apic sep mtrr pge mca cmov pat pse36 clflush dts acpi mmx fxsr sse sse2 ss ht tm pbe syscall nx rdtscp lm constant_tsc arch_perfmon pebs bts rep_good nopl xtopology nonstop_tsc aperfmperf eagerfpu pni pclmulqdq dtes64 monitor ds_cpl vmx est tm2 ssse3 cx16 xtpr pdcm pcid sse4_1 sse4_2 x2apic popcnt tsc_deadline_timer xsave avx f16c lahf_lm arat epb xsaveopt pln pts dtherm tpr_shadow vnmi flexpriority ept vpid fsgsbase smep erms
bogomips	: 4789.59
clflush size	: 64
cache_alignment	: 64
address sizes	: 36 bits physical, 48 bits virtual
power management:

processor	: 2
vendor_id	: GenuineIntel
cpu family	: 6
model		: 58
model name	: Intel(R) Core(TM) i3-3110M CPU @ 2.40GHz
stepping	: 9
microcode	: 0x15
cpu MHz		: 1200.000
cache size	: 3072 KB
physical id	: 0
siblings	: 4
core id		: 0
cpu cores	: 2
apicid		: 1
initial apicid	: 1
fpu		: yes
fpu_exception	: yes
cpuid level	: 13
wp		: yes
flags		: fpu vme de pse tsc msr pae mce cx8 apic sep mtrr pge mca cmov pat pse36 clflush dts acpi mmx fxsr sse sse2 ss ht tm pbe syscall nx rdtscp lm constant_tsc arch_perfmon pebs bts rep_good nopl xtopology nonstop_tsc aperfmperf eagerfpu pni pclmulqdq dtes64 monitor ds_cpl vmx est tm2 ssse3 cx16 xtpr pdcm pcid sse4_1 sse4_2 x2apic popcnt tsc_deadline_timer xsave avx f16c lahf_lm arat epb xsaveopt pln pts dtherm tpr_shadow vnmi flexpriority ept vpid fsgsbase smep erms
bogomips	: 4789.59
clflush size	: 64
cache_alignment	: 64
address sizes	: 36 bits physical, 48 bits virtual
power management:

processor	: 3
vendor_id	: GenuineIntel
cpu family	: 6
model		: 58
model name	: Intel(R) Core(TM) i3-3110M CPU @ 2.40GHz
stepping	: 9
microcode	: 0x15
cpu MHz		: 2100.000
cache size	: 3072 KB
physical id	: 0
siblings	: 4
core id		: 1
cpu cores	: 2
apicid		: 3
initial apicid	: 3
fpu		: yes
fpu_exception	: yes
cpuid level	: 13
wp		: yes
flags		: fpu vme de pse tsc msr pae mce cx8 apic sep mtrr pge mca cmov pat pse36 clflush dts acpi mmx fxsr sse sse2 ss ht tm pbe syscall nx rdtscp lm constant_tsc arch_perfmon pebs bts rep_good nopl xtopology nonstop_tsc aperfmperf eagerfpu pni pclmulqdq dtes64 monitor ds_cpl vmx est tm2 ssse3 cx16 xtpr pdcm pcid sse4_1 sse4_2 x2apic popcnt tsc_deadline_timer xsave avx f16c lahf_lm arat epb xsaveopt pln pts dtherm tpr_shadow vnmi flexpriority ept vpid fsgsbase smep erms
bogomips	: 4789.59
clflush size	: 64
cache_alignment	: 64
address sizes	: 36 bits physical, 48 bits virtual
power management:



Memory: 4k page, physical 3910296k(134892k free), swap 975868k(503092k free)

vm_info: OpenJDK 64-Bit Server VM (24.75-b04) for linux-amd64 JRE (1.7.0_75-b13), built on Jan 27 2015 00:38:59 by "buildd" with gcc 4.8.2

time: Sun Mar 22 14:46:04 2015
elapsed time: 0 seconds

